
SQL*Loader: Release 19.0.0.0.0 - Production on Jue Oct 14 16:41:13 2021
Version 19.3.0.0.0

Copyright (c) 1982, 2019, Oracle and/or its affiliates.  All rights reserved.

Archivo de Control:   dataUpload.ctl
Juego de caracteres UTF8 especificado para todas las entradas.

Archivo de Datos:      C:\-KevinSandoval\2S 2021\BASE DE DATOS 1\LAB\Practica2\owid-covid-data.csv
  Archivo de Errores:     owid-covid-data.bad
  Desechar Archivo:  ninguno especificado
 
 (Permitir todos los registros desechados)

Número a cargar: ALL
Número que omitir: 1
Errores permitidos: 50
Matriz de enlace:     250 filas, máximo de 1048576 bytes
Continuación:    ninguno especificado
Ruta de acceso utilizada:      Convencional

Tabla TEMPORAL, cargada de cada registro lógico.
Opción INSERT activa para esta tabla: TRUNCATE
Opción TRAILING NULLCOLS activada

   Nombre Columna                  Posición   Long  Term Entorno Tipo de Dato
------------------------------ ---------- ----- ---- ---- ---------------------
ISO_CODE                            FIRST     *   ,       CHARACTER            
CONTINENT                            NEXT     *   ,       CHARACTER            
LOCATION_                            NEXT     *   ,       CHARACTER            
DATE_                                NEXT     *   ,       CHARACTER            
TOTAL_CASES                          NEXT     *   ,       CHARACTER            
NEW_CASES                            NEXT     *   ,       CHARACTER            
NEW_CASES_SMOOTHED                   NEXT     *   ,       CHARACTER            
TOTAL_DEATHS                         NEXT     *   ,       CHARACTER            
NEW_DEATHS                           NEXT     *   ,       CHARACTER            
NEW_DEATHS_SMOOTHED                  NEXT     *   ,       CHARACTER            
TOTAL_CASES_PER_MILLION              NEXT     *   ,       CHARACTER            
NEW_CASES_PER_MILLION                NEXT     *   ,       CHARACTER            
NEW_CASES_SMOOTHED_PER_MILLION       NEXT     *   ,       CHARACTER            
TOTAL_DEATHS_PER_MILLION             NEXT     *   ,       CHARACTER            
NEW_DEATHS_PER_MILLION               NEXT     *   ,       CHARACTER            
NEW_DEATHS_SMOOTHED_PER_MILLION       NEXT     *   ,       CHARACTER            
REPRODUCTION_RATE                    NEXT     *   ,       CHARACTER            
ICU_PATIENTS                         NEXT     *   ,       CHARACTER            
ICU_PATIENTS_PER_MILLION             NEXT     *   ,       CHARACTER            
HOSP_PATIENTS                        NEXT     *   ,       CHARACTER            
HOSP_PATIENTS_PER_MILLION            NEXT     *   ,       CHARACTER            
WEEKLY_ICU_ADMISSIONS                NEXT     *   ,       CHARACTER            
WEEKLY_ICU_ADMISSIONS_PER_MILLION       NEXT     *   ,       CHARACTER            
WEEKLY_HOSP_ADMISSIONS               NEXT     *   ,       CHARACTER            
WEEKLY_HOSP_ADMISSIONS_PER_MILLION       NEXT     *   ,       CHARACTER            
NEW_TESTS                            NEXT     *   ,       CHARACTER            
TOTAL_TESTS                          NEXT     *   ,       CHARACTER            
TOTAL_TESTS_PER_THOUSAND             NEXT     *   ,       CHARACTER            
NEW_TESTS_PER_THOUSAND               NEXT     *   ,       CHARACTER            
NEW_TESTS_SMOOTHED                   NEXT     *   ,       CHARACTER            
NEW_TESTS_SMOOTHED_PER_THOUSAND       NEXT     *   ,       CHARACTER            
POSITIVE_RATE                        NEXT     *   ,       CHARACTER            
TESTS_PER_CASE                       NEXT     *   ,       CHARACTER            
TESTS_UNITS                          NEXT     *   ,       CHARACTER            
TOTAL_VACCINATIONS                   NEXT     *   ,       CHARACTER            
PEOPLE_VACCINATED                    NEXT     *   ,       CHARACTER            
PEOPLE_FULLY_VACCINATED              NEXT     *   ,       CHARACTER            
TOTAL_BOOSTERS                       NEXT     *   ,       CHARACTER            
NEW_VACCINATIONS                     NEXT     *   ,       CHARACTER            
NEW_VACCINATIONS_SMOOTHED            NEXT     *   ,       CHARACTER            
TOTAL_VACCINATIONS_PER_HUNDRED       NEXT     *   ,       CHARACTER            
PEOPLE_VACCINATED_PER_HUNDRED        NEXT     *   ,       CHARACTER            
PEOPLE_FULLY_VACCINATED_PER_HUNDRED       NEXT     *   ,       CHARACTER            
TOTAL_BOOSTERS_PER_HUNDRED           NEXT     *   ,       CHARACTER            
NEW_VACCINATIONS_SMOOTHED_PER_MILLION       NEXT     *   ,       CHARACTER            
STRINGENCY_INDEX                     NEXT     *   ,       CHARACTER            
POPULATION                           NEXT     *   ,       CHARACTER            
POPULATION_DENSITY                   NEXT     *   ,       CHARACTER            
MEDIAN_AGE                           NEXT     *   ,       CHARACTER            
AGED_65_OLDER                        NEXT     *   ,       CHARACTER            
AGED_70_OLDER                        NEXT     *   ,       CHARACTER            
GDP_PER_CAPITA                       NEXT     *   ,       CHARACTER            
EXTREME_POVERTY                      NEXT     *   ,       CHARACTER            
CARDIOVASC_DEATH_RATE                NEXT     *   ,       CHARACTER            
DIABETES_PREVALENCE                  NEXT     *   ,       CHARACTER            
FEMALE_SMOKERS                       NEXT     *   ,       CHARACTER            
MALE_SMOKERS                         NEXT     *   ,       CHARACTER            
HANDWASHING_FACILITIES               NEXT     *   ,       CHARACTER            
HOSPITAL_BEDS_PER_THOUSAND           NEXT     *   ,       CHARACTER            
LIFE_EXPECTANCY                      NEXT     *   ,       CHARACTER            
HUMAN_DEVELOPMENT_INDEX              NEXT     *   ,       CHARACTER            
EXCESS_MORTALITY_CUMULATIVE_ABSOLUTE       NEXT     *   ,       CHARACTER            
EXCESS_MORTALITY_CUMULATIVE          NEXT     *   ,       CHARACTER            
EXCESS_MORTALITY                     NEXT     *   ,       CHARACTER            
EXCESS_MORTALITY_CUMULATIVE_PER_MILLION       NEXT     *   ,       CHARACTER            

el valor utilizado para el parámetro ROWS ha cambiado de 250 a 62

Tabla TEMPORAL:
  123319 Filas cargadas correctamente.
  0 Filas no cargadas debido a errores de datos.
  0 Filas no cargadas porque todas las cláusulas WHEN han fallado.
  0 Filas no cargadas porque todos los campos eran nulos.


Espacio asignado a matriz de enlace:          1039740 bytes (62 filas)
Bytes de buffer de lectura: 1048576

Total de registros lógicos omitidos:          1
Total de registros lógicos leídos:      123319
Total de registros lógicos rechazados:         0
Total de registros lógicos desechados:        0

La ejecución empezó en Jue Oct 14 16:41:13 2021
La ejecución terminó en Jue Oct 14 16:41:26 2021

Tiempo transcurrido:     00:00:13.02
Tiempo de CPU:         00:00:05.00
